Analysis & Synthesis report for goertzel_calc_registered_v2
Thu Dec 05 20:08:22 2024
Quartus Prime Version 18.1.0 Build 625 09/12/2018 SJ Lite Edition


---------------------
; Table of Contents ;
---------------------
  1. Legal Notice
  2. Analysis & Synthesis Summary
  3. Analysis & Synthesis Settings
  4. Parallel Compilation
  5. Analysis & Synthesis Source Files Read
  6. Analysis & Synthesis Resource Usage Summary
  7. Analysis & Synthesis Resource Utilization by Entity
  8. Analysis & Synthesis DSP Block Usage Summary
  9. General Register Statistics
 10. Multiplexer Restructuring Statistics (Restructuring Performed)
 11. Parameter Settings for User Entity Instance: Top-level Entity: |goertzel_calc_registered_v2
 12. Post-Synthesis Netlist Statistics for Top Partition
 13. Elapsed Time Per Partition
 14. Analysis & Synthesis Messages



----------------
; Legal Notice ;
----------------
Copyright (C) 2018  Intel Corporation. All rights reserved.
Your use of Intel Corporation's design tools, logic functions 
and other software and tools, and its AMPP partner logic 
functions, and any output files from any of the foregoing 
(including device programming or simulation files), and any 
associated documentation or information are expressly subject 
to the terms and conditions of the Intel Program License 
Subscription Agreement, the Intel Quartus Prime License Agreement,
the Intel FPGA IP License Agreement, or other applicable license
agreement, including, without limitation, that your use is for
the sole purpose of programming logic devices manufactured by
Intel and sold by Intel or its authorized distributors.  Please
refer to the applicable agreement for further details.



+-------------------------------------------------------------------------------+
; Analysis & Synthesis Summary                                                  ;
+---------------------------------+---------------------------------------------+
; Analysis & Synthesis Status     ; Successful - Thu Dec 05 20:08:22 2024       ;
; Quartus Prime Version           ; 18.1.0 Build 625 09/12/2018 SJ Lite Edition ;
; Revision Name                   ; goertzel_calc_registered_v2                 ;
; Top-level Entity Name           ; goertzel_calc_registered_v2                 ;
; Family                          ; Cyclone V                                   ;
; Logic utilization (in ALMs)     ; N/A                                         ;
; Total registers                 ; 64                                          ;
; Total pins                      ; 83                                          ;
; Total virtual pins              ; 0                                           ;
; Total block memory bits         ; 0                                           ;
; Total DSP Blocks                ; 1                                           ;
; Total HSSI RX PCSs              ; 0                                           ;
; Total HSSI PMA RX Deserializers ; 0                                           ;
; Total HSSI TX PCSs              ; 0                                           ;
; Total HSSI PMA TX Serializers   ; 0                                           ;
; Total PLLs                      ; 0                                           ;
; Total DLLs                      ; 0                                           ;
+---------------------------------+---------------------------------------------+


+---------------------------------------------------------------------------------------------------------------------------------------------+
; Analysis & Synthesis Settings                                                                                                               ;
+---------------------------------------------------------------------------------+-----------------------------+-----------------------------+
; Option                                                                          ; Setting                     ; Default Value               ;
+---------------------------------------------------------------------------------+-----------------------------+-----------------------------+
; Device                                                                          ; 5CGXFC7C7F23C8              ;                             ;
; Top-level entity name                                                           ; goertzel_calc_registered_v2 ; goertzel_calc_registered_v2 ;
; Family name                                                                     ; Cyclone V                   ; Cyclone V                   ;
; Use smart compilation                                                           ; Off                         ; Off                         ;
; Enable parallel Assembler and Timing Analyzer during compilation                ; On                          ; On                          ;
; Enable compact report table                                                     ; Off                         ; Off                         ;
; Restructure Multiplexers                                                        ; Auto                        ; Auto                        ;
; MLAB Add Timing Constraints For Mixed-Port Feed-Through Mode Setting Don't Care ; Off                         ; Off                         ;
; Create Debugging Nodes for IP Cores                                             ; Off                         ; Off                         ;
; Preserve fewer node names                                                       ; On                          ; On                          ;
; Intel FPGA IP Evaluation Mode                                                   ; Enable                      ; Enable                      ;
; Verilog Version                                                                 ; Verilog_2001                ; Verilog_2001                ;
; VHDL Version                                                                    ; VHDL_1993                   ; VHDL_1993                   ;
; State Machine Processing                                                        ; Auto                        ; Auto                        ;
; Safe State Machine                                                              ; Off                         ; Off                         ;
; Extract Verilog State Machines                                                  ; On                          ; On                          ;
; Extract VHDL State Machines                                                     ; On                          ; On                          ;
; Ignore Verilog initial constructs                                               ; Off                         ; Off                         ;
; Iteration limit for constant Verilog loops                                      ; 5000                        ; 5000                        ;
; Iteration limit for non-constant Verilog loops                                  ; 250                         ; 250                         ;
; Add Pass-Through Logic to Inferred RAMs                                         ; On                          ; On                          ;
; Infer RAMs from Raw Logic                                                       ; On                          ; On                          ;
; Parallel Synthesis                                                              ; On                          ; On                          ;
; DSP Block Balancing                                                             ; Auto                        ; Auto                        ;
; NOT Gate Push-Back                                                              ; On                          ; On                          ;
; Power-Up Don't Care                                                             ; On                          ; On                          ;
; Remove Redundant Logic Cells                                                    ; Off                         ; Off                         ;
; Remove Duplicate Registers                                                      ; On                          ; On                          ;
; Ignore CARRY Buffers                                                            ; Off                         ; Off                         ;
; Ignore CASCADE Buffers                                                          ; Off                         ; Off                         ;
; Ignore GLOBAL Buffers                                                           ; Off                         ; Off                         ;
; Ignore ROW GLOBAL Buffers                                                       ; Off                         ; Off                         ;
; Ignore LCELL Buffers                                                            ; Off                         ; Off                         ;
; Ignore SOFT Buffers                                                             ; On                          ; On                          ;
; Limit AHDL Integers to 32 Bits                                                  ; Off                         ; Off                         ;
; Optimization Technique                                                          ; Balanced                    ; Balanced                    ;
; Carry Chain Length                                                              ; 70                          ; 70                          ;
; Auto Carry Chains                                                               ; On                          ; On                          ;
; Auto Open-Drain Pins                                                            ; On                          ; On                          ;
; Perform WYSIWYG Primitive Resynthesis                                           ; Off                         ; Off                         ;
; Auto ROM Replacement                                                            ; On                          ; On                          ;
; Auto RAM Replacement                                                            ; On                          ; On                          ;
; Auto DSP Block Replacement                                                      ; On                          ; On                          ;
; Auto Shift Register Replacement                                                 ; Auto                        ; Auto                        ;
; Allow Shift Register Merging across Hierarchies                                 ; Auto                        ; Auto                        ;
; Auto Clock Enable Replacement                                                   ; On                          ; On                          ;
; Strict RAM Replacement                                                          ; Off                         ; Off                         ;
; Allow Synchronous Control Signals                                               ; On                          ; On                          ;
; Force Use of Synchronous Clear Signals                                          ; Off                         ; Off                         ;
; Auto Resource Sharing                                                           ; Off                         ; Off                         ;
; Allow Any RAM Size For Recognition                                              ; Off                         ; Off                         ;
; Allow Any ROM Size For Recognition                                              ; Off                         ; Off                         ;
; Allow Any Shift Register Size For Recognition                                   ; Off                         ; Off                         ;
; Use LogicLock Constraints during Resource Balancing                             ; On                          ; On                          ;
; Ignore translate_off and synthesis_off directives                               ; Off                         ; Off                         ;
; Timing-Driven Synthesis                                                         ; On                          ; On                          ;
; Report Parameter Settings                                                       ; On                          ; On                          ;
; Report Source Assignments                                                       ; On                          ; On                          ;
; Report Connectivity Checks                                                      ; On                          ; On                          ;
; Ignore Maximum Fan-Out Assignments                                              ; Off                         ; Off                         ;
; Synchronization Register Chain Length                                           ; 3                           ; 3                           ;
; Power Optimization During Synthesis                                             ; Normal compilation          ; Normal compilation          ;
; HDL message level                                                               ; Level2                      ; Level2                      ;
; Suppress Register Optimization Related Messages                                 ; Off                         ; Off                         ;
; Number of Removed Registers Reported in Synthesis Report                        ; 5000                        ; 5000                        ;
; Number of Swept Nodes Reported in Synthesis Report                              ; 5000                        ; 5000                        ;
; Number of Inverted Registers Reported in Synthesis Report                       ; 100                         ; 100                         ;
; Clock MUX Protection                                                            ; On                          ; On                          ;
; Auto Gated Clock Conversion                                                     ; Off                         ; Off                         ;
; Block Design Naming                                                             ; Auto                        ; Auto                        ;
; SDC constraint protection                                                       ; Off                         ; Off                         ;
; Synthesis Effort                                                                ; Auto                        ; Auto                        ;
; Shift Register Replacement - Allow Asynchronous Clear Signal                    ; On                          ; On                          ;
; Pre-Mapping Resynthesis Optimization                                            ; Off                         ; Off                         ;
; Analysis & Synthesis Message Level                                              ; Medium                      ; Medium                      ;
; Disable Register Merging Across Hierarchies                                     ; Auto                        ; Auto                        ;
; Resource Aware Inference For Block RAM                                          ; On                          ; On                          ;
; Automatic Parallel Synthesis                                                    ; On                          ; On                          ;
; Partial Reconfiguration Bitstream ID                                            ; Off                         ; Off                         ;
+---------------------------------------------------------------------------------+-----------------------------+-----------------------------+


+------------------------------------------+
; Parallel Compilation                     ;
+----------------------------+-------------+
; Processors                 ; Number      ;
+----------------------------+-------------+
; Number detected on machine ; 8           ;
; Maximum allowed            ; 4           ;
;                            ;             ;
; Average used               ; 1.00        ;
; Maximum used               ; 4           ;
;                            ;             ;
; Usage by Processor         ; % Time Used ;
;     Processor 1            ; 100.0%      ;
;     Processors 2-4         ;   0.0%      ;
+----------------------------+-------------+


+-------------------------------------------------------------------------------------------------------------------------------------------------------------------------------------------------------------------------------------------+
; Analysis & Synthesis Source Files Read                                                                                                                                                                                                    ;
+-------------------------------------------------------------------------------------------+-----------------+-----------------+-------------------------------------------------------------------------------------------+---------------+
; File Name with User-Entered Path                                                          ; Used in Netlist ; File Type       ; File Name with Absolute Path                                                              ; Library       ;
+-------------------------------------------------------------------------------------------+-----------------+-----------------+-------------------------------------------------------------------------------------------+---------------+
; goertzel_calc_registered_v2.vhd                                                           ; yes             ; User VHDL File  ; C:/Source Code TA/HDL/GoertzelFilter_registeredV2/quartus/goertzel_calc_registered_v2.vhd ;               ;
; ../../../../intelFPGA_lite/18.1/modelsim_ase/vhdl_src/floatfixlib/fixed_pkg_c.vhd         ; yes             ; User VHDL File  ; C:/intelFPGA_lite/18.1/modelsim_ase/vhdl_src/floatfixlib/fixed_pkg_c.vhd                  ; ieee_proposed ;
; ../../../../intelFPGA_lite/18.1/modelsim_ase/vhdl_src/floatfixlib/fixed_float_types_c.vhd ; yes             ; User VHDL File  ; C:/intelFPGA_lite/18.1/modelsim_ase/vhdl_src/floatfixlib/fixed_float_types_c.vhd          ; floatfixlib   ;
+-------------------------------------------------------------------------------------------+-----------------+-----------------+-------------------------------------------------------------------------------------------+---------------+


+---------------------------------------------------------+
; Analysis & Synthesis Resource Usage Summary             ;
+---------------------------------------------+-----------+
; Resource                                    ; Usage     ;
+---------------------------------------------+-----------+
; Estimate of Logic utilization (ALMs needed) ; 108       ;
;                                             ;           ;
; Combinational ALUT usage for logic          ; 168       ;
;     -- 7 input functions                    ; 1         ;
;     -- 6 input functions                    ; 40        ;
;     -- 5 input functions                    ; 24        ;
;     -- 4 input functions                    ; 19        ;
;     -- <=3 input functions                  ; 84        ;
;                                             ;           ;
; Dedicated logic registers                   ; 64        ;
;                                             ;           ;
; I/O pins                                    ; 83        ;
;                                             ;           ;
; Total DSP Blocks                            ; 1         ;
;                                             ;           ;
; Maximum fan-out node                        ; clk~input ;
; Maximum fan-out                             ; 64        ;
; Total fan-out                               ; 1074      ;
; Average fan-out                             ; 2.69      ;
+---------------------------------------------+-----------+


+-------------------------------------------------------------------------------------------------------------------------------------------------------------------------------------------------------------------+
; Analysis & Synthesis Resource Utilization by Entity                                                                                                                                                               ;
+------------------------------+---------------------+---------------------------+-------------------+------------+------+--------------+------------------------------+-----------------------------+--------------+
; Compilation Hierarchy Node   ; Combinational ALUTs ; Dedicated Logic Registers ; Block Memory Bits ; DSP Blocks ; Pins ; Virtual Pins ; Full Hierarchy Name          ; Entity Name                 ; Library Name ;
+------------------------------+---------------------+---------------------------+-------------------+------------+------+--------------+------------------------------+-----------------------------+--------------+
; |goertzel_calc_registered_v2 ; 168 (168)           ; 64 (64)                   ; 0                 ; 1          ; 83   ; 0            ; |goertzel_calc_registered_v2 ; goertzel_calc_registered_v2 ; work         ;
+------------------------------+---------------------+---------------------------+-------------------+------------+------+--------------+------------------------------+-----------------------------+--------------+
Note: For table entries with two numbers listed, the numbers in parentheses indicate the number of resources of the given type used by the specific entity alone. The numbers listed outside of parentheses indicate the total resources of the given type used by the specific entity and all of its sub-entities in the hierarchy.


+----------------------------------------------+
; Analysis & Synthesis DSP Block Usage Summary ;
+-------------------------------+--------------+
; Statistic                     ; Number Used  ;
+-------------------------------+--------------+
; Two Independent 18x18         ; 1            ;
; Total number of DSP blocks    ; 1            ;
;                               ;              ;
; Fixed Point Signed Multiplier ; 1            ;
+-------------------------------+--------------+


+------------------------------------------------------+
; General Register Statistics                          ;
+----------------------------------------------+-------+
; Statistic                                    ; Value ;
+----------------------------------------------+-------+
; Total registers                              ; 64    ;
; Number of registers using Synchronous Clear  ; 0     ;
; Number of registers using Synchronous Load   ; 0     ;
; Number of registers using Asynchronous Clear ; 64    ;
; Number of registers using Asynchronous Load  ; 0     ;
; Number of registers using Clock Enable       ; 64    ;
; Number of registers using Preset             ; 0     ;
+----------------------------------------------+-------+


+--------------------------------------------------------------------------------------------------------------------------------------------------------+
; Multiplexer Restructuring Statistics (Restructuring Performed)                                                                                         ;
+--------------------+-----------+---------------+----------------------+------------------------+------------+------------------------------------------+
; Multiplexer Inputs ; Bus Width ; Baseline Area ; Area if Restructured ; Saving if Restructured ; Registered ; Example Multiplexer Output               ;
+--------------------+-----------+---------------+----------------------+------------------------+------------+------------------------------------------+
; 4:1                ; 14 bits   ; 28 LEs        ; 28 LEs               ; 0 LEs                  ; No         ; |goertzel_calc_registered_v2|x_min_q2[9] ;
; 4:1                ; 15 bits   ; 30 LEs        ; 30 LEs               ; 0 LEs                  ; No         ; |goertzel_calc_registered_v2|coeff_q1[2] ;
+--------------------+-----------+---------------+----------------------+------------------------+------------+------------------------------------------+


+---------------------------------------------------------------------------------------------+
; Parameter Settings for User Entity Instance: Top-level Entity: |goertzel_calc_registered_v2 ;
+-----------------+-------+-------------------------------------------------------------------+
; Parameter Name  ; Value ; Type                                                              ;
+-----------------+-------+-------------------------------------------------------------------+
; COEFF_INT_BITS  ; 2     ; Signed Integer                                                    ;
; COEFF_FRAC_BITS ; 14    ; Signed Integer                                                    ;
; Q_INT_BITS      ; 11    ; Signed Integer                                                    ;
; Q_FRAC_BITS     ; 5     ; Signed Integer                                                    ;
; X_INT_BITS      ; 2     ; Signed Integer                                                    ;
; X_FRAC_BITS     ; 14    ; Signed Integer                                                    ;
+-----------------+-------+-------------------------------------------------------------------+
Note: In order to hide this table in the UI and the text report file, please set the "Show Parameter Settings in Synthesis Report" option in "Analysis and Synthesis Settings -> More Settings" to "Off".


+-----------------------------------------------------+
; Post-Synthesis Netlist Statistics for Top Partition ;
+-----------------------+-----------------------------+
; Type                  ; Count                       ;
+-----------------------+-----------------------------+
; arriav_ff             ; 64                          ;
;     ENA CLR           ; 64                          ;
; arriav_lcell_comb     ; 168                         ;
;     arith             ; 51                          ;
;         1 data inputs ; 4                           ;
;         3 data inputs ; 30                          ;
;         4 data inputs ; 3                           ;
;         5 data inputs ; 14                          ;
;     extend            ; 1                           ;
;         7 data inputs ; 1                           ;
;     normal            ; 99                          ;
;         1 data inputs ; 1                           ;
;         2 data inputs ; 1                           ;
;         3 data inputs ; 31                          ;
;         4 data inputs ; 16                          ;
;         5 data inputs ; 10                          ;
;         6 data inputs ; 40                          ;
;     shared            ; 17                          ;
;         2 data inputs ; 17                          ;
; arriav_mac            ; 1                           ;
; boundary_port         ; 83                          ;
;                       ;                             ;
; Max LUT depth         ; 11.40                       ;
; Average LUT depth     ; 7.72                        ;
+-----------------------+-----------------------------+


+-------------------------------+
; Elapsed Time Per Partition    ;
+----------------+--------------+
; Partition Name ; Elapsed Time ;
+----------------+--------------+
; Top            ; 00:00:00     ;
+----------------+--------------+


+-------------------------------+
; Analysis & Synthesis Messages ;
+-------------------------------+
Info: *******************************************************************
Info: Running Quartus Prime Analysis & Synthesis
    Info: Version 18.1.0 Build 625 09/12/2018 SJ Lite Edition
    Info: Processing started: Thu Dec 05 20:08:06 2024
Info: Command: quartus_map --read_settings_files=on --write_settings_files=off goertzel_calc_registered_v2 -c goertzel_calc_registered_v2
Warning (18236): Number of processors has not been specified which may cause overloading on shared machines.  Set the global assignment NUM_PARALLEL_PROCESSORS in your QSF to an appropriate value for best performance.
Info (20030): Parallel compilation is enabled and will use 4 of the 4 processors detected
Info (12021): Found 2 design units, including 1 entities, in source file goertzel_calc_registered_v2.vhd
    Info (12022): Found design unit 1: goertzel_calc_registered_v2-rtl File: C:/Source Code TA/HDL/GoertzelFilter_registeredV2/quartus/goertzel_calc_registered_v2.vhd Line: 35
    Info (12023): Found entity 1: goertzel_calc_registered_v2 File: C:/Source Code TA/HDL/GoertzelFilter_registeredV2/quartus/goertzel_calc_registered_v2.vhd Line: 10
Info (12021): Found 2 design units, including 0 entities, in source file /intelfpga_lite/18.1/modelsim_ase/vhdl_src/floatfixlib/fixed_pkg_c.vhd
    Info (12022): Found design unit 1: fixed_pkg (ieee_proposed) File: C:/intelFPGA_lite/18.1/modelsim_ase/vhdl_src/floatfixlib/fixed_pkg_c.vhd Line: 25
    Info (12022): Found design unit 2: fixed_pkg-body File: C:/intelFPGA_lite/18.1/modelsim_ase/vhdl_src/floatfixlib/fixed_pkg_c.vhd Line: 1466
Info (12021): Found 1 design units, including 0 entities, in source file /intelfpga_lite/18.1/modelsim_ase/vhdl_src/floatfixlib/fixed_float_types_c.vhd
    Info (12022): Found design unit 1: fixed_float_types (floatfixlib) File: C:/intelFPGA_lite/18.1/modelsim_ase/vhdl_src/floatfixlib/fixed_float_types_c.vhd Line: 16
Info (12127): Elaborating entity "goertzel_calc_registered_v2" for the top level hierarchy
Warning (10445): VHDL Subtype or Type Declaration warning at fixed_pkg_c.vhd(1470): subtype or type has null range File: C:/intelFPGA_lite/18.1/modelsim_ase/vhdl_src/floatfixlib/fixed_pkg_c.vhd Line: 1470
Warning (10445): VHDL Subtype or Type Declaration warning at fixed_pkg_c.vhd(1471): subtype or type has null range File: C:/intelFPGA_lite/18.1/modelsim_ase/vhdl_src/floatfixlib/fixed_pkg_c.vhd Line: 1471
Warning (10445): VHDL Subtype or Type Declaration warning at fixed_pkg_c.vhd(1472): subtype or type has null range File: C:/intelFPGA_lite/18.1/modelsim_ase/vhdl_src/floatfixlib/fixed_pkg_c.vhd Line: 1472
Info (286030): Timing-Driven Synthesis is running
Info (16010): Generating hard_block partition "hard_block:auto_generated_inst"
    Info (16011): Adding 0 node(s), including 0 DDIO, 0 PLL, 0 transceiver and 0 LCELL
Info (21057): Implemented 300 device resources after synthesis - the final resource count might be different
    Info (21058): Implemented 35 input pins
    Info (21059): Implemented 48 output pins
    Info (21061): Implemented 216 logic cells
    Info (21062): Implemented 1 DSP elements
Info: Quartus Prime Analysis & Synthesis was successful. 0 errors, 4 warnings
    Info: Peak virtual memory: 4860 megabytes
    Info: Processing ended: Thu Dec 05 20:08:22 2024
    Info: Elapsed time: 00:00:16
    Info: Total CPU time (on all processors): 00:00:32


