Analysis & Synthesis report for WM8731
Wed Dec 25 21:56:02 2024
Quartus Prime Version 18.1.0 Build 625 09/12/2018 SJ Lite Edition


---------------------
; Table of Contents ;
---------------------
  1. Legal Notice
  2. Analysis & Synthesis Summary
  3. Analysis & Synthesis Settings
  4. Parallel Compilation
  5. Analysis & Synthesis Source Files Read
  6. Analysis & Synthesis Resource Usage Summary
  7. Analysis & Synthesis Resource Utilization by Entity
  8. Analysis & Synthesis IP Cores Summary
  9. State Machine - |WM8731|Audio_interface:Audio_interface|RCV
 10. State Machine - |WM8731|Audio_interface:Audio_interface|i2c:I2C_controller|AUDIO
 11. Registers Removed During Synthesis
 12. Removed Registers Triggering Further Register Optimizations
 13. General Register Statistics
 14. Inverted Register Statistics
 15. Multiplexer Restructuring Statistics (Restructuring Performed)
 16. Parameter Settings for User Entity Instance: Audio_interface:Audio_interface
 17. Parameter Settings for User Entity Instance: Audio_interface:Audio_interface|i2c:I2C_controller
 18. Parameter Settings for User Entity Instance: Audio_interface:Audio_interface|AudioPLL:Audio_PLL|AudioPLL_0002:audiopll_inst|altera_pll:altera_pll_i
 19. Port Connectivity Checks: "Audio_interface:Audio_interface|i2c:I2C_controller"
 20. Port Connectivity Checks: "Audio_interface:Audio_interface"
 21. Post-Synthesis Netlist Statistics for Top Partition
 22. Elapsed Time Per Partition
 23. Analysis & Synthesis Messages



----------------
; Legal Notice ;
----------------
Copyright (C) 2018  Intel Corporation. All rights reserved.
Your use of Intel Corporation's design tools, logic functions 
and other software and tools, and its AMPP partner logic 
functions, and any output files from any of the foregoing 
(including device programming or simulation files), and any 
associated documentation or information are expressly subject 
to the terms and conditions of the Intel Program License 
Subscription Agreement, the Intel Quartus Prime License Agreement,
the Intel FPGA IP License Agreement, or other applicable license
agreement, including, without limitation, that your use is for
the sole purpose of programming logic devices manufactured by
Intel and sold by Intel or its authorized distributors.  Please
refer to the applicable agreement for further details.



+-------------------------------------------------------------------------------+
; Analysis & Synthesis Summary                                                  ;
+---------------------------------+---------------------------------------------+
; Analysis & Synthesis Status     ; Successful - Wed Dec 25 21:56:02 2024       ;
; Quartus Prime Version           ; 18.1.0 Build 625 09/12/2018 SJ Lite Edition ;
; Revision Name                   ; WM8731                                      ;
; Top-level Entity Name           ; WM8731                                      ;
; Family                          ; Cyclone V                                   ;
; Logic utilization (in ALMs)     ; N/A                                         ;
; Total registers                 ; 86                                          ;
; Total pins                      ; 16                                          ;
; Total virtual pins              ; 0                                           ;
; Total block memory bits         ; 0                                           ;
; Total DSP Blocks                ; 0                                           ;
; Total HSSI RX PCSs              ; 0                                           ;
; Total HSSI PMA RX Deserializers ; 0                                           ;
; Total HSSI TX PCSs              ; 0                                           ;
; Total HSSI PMA TX Serializers   ; 0                                           ;
; Total PLLs                      ; 1                                           ;
; Total DLLs                      ; 0                                           ;
+---------------------------------+---------------------------------------------+


+---------------------------------------------------------------------------------------------------------------------------+
; Analysis & Synthesis Settings                                                                                             ;
+---------------------------------------------------------------------------------+--------------------+--------------------+
; Option                                                                          ; Setting            ; Default Value      ;
+---------------------------------------------------------------------------------+--------------------+--------------------+
; Device                                                                          ; 5CSXFC6D6F31C6     ;                    ;
; Top-level entity name                                                           ; WM8731             ; WM8731             ;
; Family name                                                                     ; Cyclone V          ; Cyclone V          ;
; Use smart compilation                                                           ; Off                ; Off                ;
; Enable parallel Assembler and Timing Analyzer during compilation                ; On                 ; On                 ;
; Enable compact report table                                                     ; Off                ; Off                ;
; Restructure Multiplexers                                                        ; Auto               ; Auto               ;
; MLAB Add Timing Constraints For Mixed-Port Feed-Through Mode Setting Don't Care ; Off                ; Off                ;
; Create Debugging Nodes for IP Cores                                             ; Off                ; Off                ;
; Preserve fewer node names                                                       ; On                 ; On                 ;
; Intel FPGA IP Evaluation Mode                                                   ; Enable             ; Enable             ;
; Verilog Version                                                                 ; Verilog_2001       ; Verilog_2001       ;
; VHDL Version                                                                    ; VHDL_1993          ; VHDL_1993          ;
; State Machine Processing                                                        ; Auto               ; Auto               ;
; Safe State Machine                                                              ; Off                ; Off                ;
; Extract Verilog State Machines                                                  ; On                 ; On                 ;
; Extract VHDL State Machines                                                     ; On                 ; On                 ;
; Ignore Verilog initial constructs                                               ; Off                ; Off                ;
; Iteration limit for constant Verilog loops                                      ; 5000               ; 5000               ;
; Iteration limit for non-constant Verilog loops                                  ; 250                ; 250                ;
; Add Pass-Through Logic to Inferred RAMs                                         ; On                 ; On                 ;
; Infer RAMs from Raw Logic                                                       ; On                 ; On                 ;
; Parallel Synthesis                                                              ; On                 ; On                 ;
; DSP Block Balancing                                                             ; Auto               ; Auto               ;
; NOT Gate Push-Back                                                              ; On                 ; On                 ;
; Power-Up Don't Care                                                             ; On                 ; On                 ;
; Remove Redundant Logic Cells                                                    ; Off                ; Off                ;
; Remove Duplicate Registers                                                      ; On                 ; On                 ;
; Ignore CARRY Buffers                                                            ; Off                ; Off                ;
; Ignore CASCADE Buffers                                                          ; Off                ; Off                ;
; Ignore GLOBAL Buffers                                                           ; Off                ; Off                ;
; Ignore ROW GLOBAL Buffers                                                       ; Off                ; Off                ;
; Ignore LCELL Buffers                                                            ; Off                ; Off                ;
; Ignore SOFT Buffers                                                             ; On                 ; On                 ;
; Limit AHDL Integers to 32 Bits                                                  ; Off                ; Off                ;
; Optimization Technique                                                          ; Balanced           ; Balanced           ;
; Carry Chain Length                                                              ; 70                 ; 70                 ;
; Auto Carry Chains                                                               ; On                 ; On                 ;
; Auto Open-Drain Pins                                                            ; On                 ; On                 ;
; Perform WYSIWYG Primitive Resynthesis                                           ; Off                ; Off                ;
; Auto ROM Replacement                                                            ; On                 ; On                 ;
; Auto RAM Replacement                                                            ; On                 ; On                 ;
; Auto DSP Block Replacement                                                      ; On                 ; On                 ;
; Auto Shift Register Replacement                                                 ; Auto               ; Auto               ;
; Allow Shift Register Merging across Hierarchies                                 ; Auto               ; Auto               ;
; Auto Clock Enable Replacement                                                   ; On                 ; On                 ;
; Strict RAM Replacement                                                          ; Off                ; Off                ;
; Allow Synchronous Control Signals                                               ; On                 ; On                 ;
; Force Use of Synchronous Clear Signals                                          ; Off                ; Off                ;
; Auto Resource Sharing                                                           ; Off                ; Off                ;
; Allow Any RAM Size For Recognition                                              ; Off                ; Off                ;
; Allow Any ROM Size For Recognition                                              ; Off                ; Off                ;
; Allow Any Shift Register Size For Recognition                                   ; Off                ; Off                ;
; Use LogicLock Constraints during Resource Balancing                             ; On                 ; On                 ;
; Ignore translate_off and synthesis_off directives                               ; Off                ; Off                ;
; Timing-Driven Synthesis                                                         ; On                 ; On                 ;
; Report Parameter Settings                                                       ; On                 ; On                 ;
; Report Source Assignments                                                       ; On                 ; On                 ;
; Report Connectivity Checks                                                      ; On                 ; On                 ;
; Ignore Maximum Fan-Out Assignments                                              ; Off                ; Off                ;
; Synchronization Register Chain Length                                           ; 3                  ; 3                  ;
; Power Optimization During Synthesis                                             ; Normal compilation ; Normal compilation ;
; HDL message level                                                               ; Level2             ; Level2             ;
; Suppress Register Optimization Related Messages                                 ; Off                ; Off                ;
; Number of Removed Registers Reported in Synthesis Report                        ; 5000               ; 5000               ;
; Number of Swept Nodes Reported in Synthesis Report                              ; 5000               ; 5000               ;
; Number of Inverted Registers Reported in Synthesis Report                       ; 100                ; 100                ;
; Clock MUX Protection                                                            ; On                 ; On                 ;
; Auto Gated Clock Conversion                                                     ; Off                ; Off                ;
; Block Design Naming                                                             ; Auto               ; Auto               ;
; SDC constraint protection                                                       ; Off                ; Off                ;
; Synthesis Effort                                                                ; Auto               ; Auto               ;
; Shift Register Replacement - Allow Asynchronous Clear Signal                    ; On                 ; On                 ;
; Pre-Mapping Resynthesis Optimization                                            ; Off                ; Off                ;
; Analysis & Synthesis Message Level                                              ; Medium             ; Medium             ;
; Disable Register Merging Across Hierarchies                                     ; Auto               ; Auto               ;
; Resource Aware Inference For Block RAM                                          ; On                 ; On                 ;
; Automatic Parallel Synthesis                                                    ; On                 ; On                 ;
; Partial Reconfiguration Bitstream ID                                            ; Off                ; Off                ;
+---------------------------------------------------------------------------------+--------------------+--------------------+


+------------------------------------------+
; Parallel Compilation                     ;
+----------------------------+-------------+
; Processors                 ; Number      ;
+----------------------------+-------------+
; Number detected on machine ; 8           ;
; Maximum allowed            ; 4           ;
;                            ;             ;
; Average used               ; 1.00        ;
; Maximum used               ; 4           ;
;                            ;             ;
; Usage by Processor         ; % Time Used ;
;     Processor 1            ; 100.0%      ;
;     Processors 2-4         ;   0.0%      ;
+----------------------------+-------------+


+-----------------------------------------------------------------------------------------------------------------------------------------------------------------------------+
; Analysis & Synthesis Source Files Read                                                                                                                                      ;
+----------------------------------+-----------------+-----------------------------+-------------------------------------------------------------------------------+----------+
; File Name with User-Entered Path ; Used in Netlist ; File Type                   ; File Name with Absolute Path                                                  ; Library  ;
+----------------------------------+-----------------+-----------------------------+-------------------------------------------------------------------------------+----------+
; i2c.vhd                          ; yes             ; User VHDL File              ; C:/Source Code TA/HDL/AudioCodec/WM8731_ver2/quartus/i2c.vhd                  ;          ;
; Audio_interface.vhd              ; yes             ; User VHDL File              ; C:/Source Code TA/HDL/AudioCodec/WM8731_ver2/quartus/Audio_interface.vhd      ;          ;
; AudioPLL.vhd                     ; yes             ; User Wizard-Generated File  ; C:/Source Code TA/HDL/AudioCodec/WM8731_ver2/quartus/AudioPLL.vhd             ; AudioPLL ;
; AudioPLL/AudioPLL_0002.v         ; yes             ; User Verilog HDL File       ; C:/Source Code TA/HDL/AudioCodec/WM8731_ver2/quartus/AudioPLL/AudioPLL_0002.v ; AudioPLL ;
; wm8731.vhd                       ; yes             ; Auto-Found VHDL File        ; C:/Source Code TA/HDL/AudioCodec/WM8731_ver2/quartus/wm8731.vhd               ;          ;
; altera_pll.v                     ; yes             ; Megafunction                ; c:/intelfpga_lite/18.1/quartus/libraries/megafunctions/altera_pll.v           ;          ;
+----------------------------------+-----------------+-----------------------------+-------------------------------------------------------------------------------+----------+


+---------------------------------------------------------------------------------------------------------------------------------------------------------------------+
; Analysis & Synthesis Resource Usage Summary                                                                                                                         ;
+---------------------------------------------+-----------------------------------------------------------------------------------------------------------------------+
; Resource                                    ; Usage                                                                                                                 ;
+---------------------------------------------+-----------------------------------------------------------------------------------------------------------------------+
; Estimate of Logic utilization (ALMs needed) ; 80                                                                                                                    ;
;                                             ;                                                                                                                       ;
; Combinational ALUT usage for logic          ; 123                                                                                                                   ;
;     -- 7 input functions                    ; 0                                                                                                                     ;
;     -- 6 input functions                    ; 35                                                                                                                    ;
;     -- 5 input functions                    ; 17                                                                                                                    ;
;     -- 4 input functions                    ; 27                                                                                                                    ;
;     -- <=3 input functions                  ; 44                                                                                                                    ;
;                                             ;                                                                                                                       ;
; Dedicated logic registers                   ; 86                                                                                                                    ;
;                                             ;                                                                                                                       ;
; I/O pins                                    ; 16                                                                                                                    ;
;                                             ;                                                                                                                       ;
; Total DSP Blocks                            ; 0                                                                                                                     ;
;                                             ;                                                                                                                       ;
; Total PLLs                                  ; 1                                                                                                                     ;
;     -- PLLs                                 ; 1                                                                                                                     ;
;                                             ;                                                                                                                       ;
; Maximum fan-out node                        ; Audio_interface:Audio_interface|AudioPLL:Audio_PLL|AudioPLL_0002:audiopll_inst|altera_pll:altera_pll_i|outclk_wire[0] ;
; Maximum fan-out                             ; 67                                                                                                                    ;
; Total fan-out                               ; 771                                                                                                                   ;
; Average fan-out                             ; 3.16                                                                                                                  ;
+---------------------------------------------+-----------------------------------------------------------------------------------------------------------------------+


+---------------------------------------------------------------------------------------------------------------------------------------------------------------------------------------------------------------------------------------------------------------------------------------------------+
; Analysis & Synthesis Resource Utilization by Entity                                                                                                                                                                                                                                               ;
+----------------------------------------+---------------------+---------------------------+-------------------+------------+------+--------------+----------------------------------------------------------------------------------------------------------------+-----------------+--------------+
; Compilation Hierarchy Node             ; Combinational ALUTs ; Dedicated Logic Registers ; Block Memory Bits ; DSP Blocks ; Pins ; Virtual Pins ; Full Hierarchy Name                                                                                            ; Entity Name     ; Library Name ;
+----------------------------------------+---------------------+---------------------------+-------------------+------------+------+--------------+----------------------------------------------------------------------------------------------------------------+-----------------+--------------+
; |WM8731                                ; 123 (0)             ; 86 (0)                    ; 0                 ; 0          ; 16   ; 0            ; |WM8731                                                                                                        ; WM8731          ; work         ;
;    |Audio_interface:Audio_interface|   ; 123 (93)            ; 86 (65)                   ; 0                 ; 0          ; 0    ; 0            ; |WM8731|Audio_interface:Audio_interface                                                                        ; Audio_interface ; work         ;
;       |AudioPLL:Audio_PLL|             ; 0 (0)               ; 0 (0)                     ; 0                 ; 0          ; 0    ; 0            ; |WM8731|Audio_interface:Audio_interface|AudioPLL:Audio_PLL                                                     ; AudioPLL        ; audiopll     ;
;          |AudioPLL_0002:audiopll_inst| ; 0 (0)               ; 0 (0)                     ; 0                 ; 0          ; 0    ; 0            ; |WM8731|Audio_interface:Audio_interface|AudioPLL:Audio_PLL|AudioPLL_0002:audiopll_inst                         ; AudioPLL_0002   ; AudioPLL     ;
;             |altera_pll:altera_pll_i|  ; 0 (0)               ; 0 (0)                     ; 0                 ; 0          ; 0    ; 0            ; |WM8731|Audio_interface:Audio_interface|AudioPLL:Audio_PLL|AudioPLL_0002:audiopll_inst|altera_pll:altera_pll_i ; altera_pll      ; work         ;
;       |i2c:I2C_controller|             ; 30 (30)             ; 21 (21)                   ; 0                 ; 0          ; 0    ; 0            ; |WM8731|Audio_interface:Audio_interface|i2c:I2C_controller                                                     ; i2c             ; work         ;
+----------------------------------------+---------------------+---------------------------+-------------------+------------+------+--------------+----------------------------------------------------------------------------------------------------------------+-----------------+--------------+
Note: For table entries with two numbers listed, the numbers in parentheses indicate the number of resources of the given type used by the specific entity alone. The numbers listed outside of parentheses indicate the total resources of the given type used by the specific entity and all of its sub-entities in the hierarchy.


+----------------------------------------------------------------------------------------------------------------------------------------------+
; Analysis & Synthesis IP Cores Summary                                                                                                        ;
+--------+--------------+---------+--------------+--------------+------------------------------------------------------------+-----------------+
; Vendor ; IP Core Name ; Version ; Release Date ; License Type ; Entity Instance                                            ; IP Include File ;
+--------+--------------+---------+--------------+--------------+------------------------------------------------------------+-----------------+
; Altera ; altera_pll   ; 18.1    ; N/A          ; N/A          ; |WM8731|Audio_interface:Audio_interface|AudioPLL:Audio_PLL ; AudioPLL.vhd    ;
+--------+--------------+---------+--------------+--------------+------------------------------------------------------------+-----------------+


Encoding Type:  One-Hot
+-----------------------------------------------------------------------------------------------------------------------------------------------------------------+
; State Machine - |WM8731|Audio_interface:Audio_interface|RCV                                                                                                     ;
+------------+------------+------------+------------+------------+------------+-----------+-----------+-----------+-----------+-----------+-----------+-----------+
; Name       ; RCV.right5 ; RCV.right4 ; RCV.right3 ; RCV.right2 ; RCV.right1 ; RCV.left5 ; RCV.left4 ; RCV.left3 ; RCV.left2 ; RCV.left1 ; RCV.wait2 ; RCV.wait1 ;
+------------+------------+------------+------------+------------+------------+-----------+-----------+-----------+-----------+-----------+-----------+-----------+
; RCV.wait1  ; 0          ; 0          ; 0          ; 0          ; 0          ; 0         ; 0         ; 0         ; 0         ; 0         ; 0         ; 0         ;
; RCV.wait2  ; 0          ; 0          ; 0          ; 0          ; 0          ; 0         ; 0         ; 0         ; 0         ; 0         ; 1         ; 1         ;
; RCV.left1  ; 0          ; 0          ; 0          ; 0          ; 0          ; 0         ; 0         ; 0         ; 0         ; 1         ; 0         ; 1         ;
; RCV.left2  ; 0          ; 0          ; 0          ; 0          ; 0          ; 0         ; 0         ; 0         ; 1         ; 0         ; 0         ; 1         ;
; RCV.left3  ; 0          ; 0          ; 0          ; 0          ; 0          ; 0         ; 0         ; 1         ; 0         ; 0         ; 0         ; 1         ;
; RCV.left4  ; 0          ; 0          ; 0          ; 0          ; 0          ; 0         ; 1         ; 0         ; 0         ; 0         ; 0         ; 1         ;
; RCV.left5  ; 0          ; 0          ; 0          ; 0          ; 0          ; 1         ; 0         ; 0         ; 0         ; 0         ; 0         ; 1         ;
; RCV.right1 ; 0          ; 0          ; 0          ; 0          ; 1          ; 0         ; 0         ; 0         ; 0         ; 0         ; 0         ; 1         ;
; RCV.right2 ; 0          ; 0          ; 0          ; 1          ; 0          ; 0         ; 0         ; 0         ; 0         ; 0         ; 0         ; 1         ;
; RCV.right3 ; 0          ; 0          ; 1          ; 0          ; 0          ; 0         ; 0         ; 0         ; 0         ; 0         ; 0         ; 1         ;
; RCV.right4 ; 0          ; 1          ; 0          ; 0          ; 0          ; 0         ; 0         ; 0         ; 0         ; 0         ; 0         ; 1         ;
; RCV.right5 ; 1          ; 0          ; 0          ; 0          ; 0          ; 0         ; 0         ; 0         ; 0         ; 0         ; 0         ; 1         ;
+------------+------------+------------+------------+------------+------------+-----------+-----------+-----------+-----------+-----------+-----------+-----------+


Encoding Type:  One-Hot
+----------------------------------------------------------------------------------+
; State Machine - |WM8731|Audio_interface:Audio_interface|i2c:I2C_controller|AUDIO ;
+----------+----------+----------+----------+----------+---------------------------+
; Name     ; AUDIO.s5 ; AUDIO.s4 ; AUDIO.s3 ; AUDIO.s2 ; AUDIO.s1                  ;
+----------+----------+----------+----------+----------+---------------------------+
; AUDIO.s1 ; 0        ; 0        ; 0        ; 0        ; 0                         ;
; AUDIO.s2 ; 0        ; 0        ; 0        ; 1        ; 1                         ;
; AUDIO.s3 ; 0        ; 0        ; 1        ; 0        ; 1                         ;
; AUDIO.s4 ; 0        ; 1        ; 0        ; 0        ; 1                         ;
; AUDIO.s5 ; 1        ; 0        ; 0        ; 0        ; 1                         ;
+----------+----------+----------+----------+----------+---------------------------+


+----------------------------------------------------------------------------------------------------------------------------------------------------+
; Registers Removed During Synthesis                                                                                                                 ;
+------------------------------------------------------------------------+---------------------------------------------------------------------------+
; Register name                                                          ; Reason for Removal                                                        ;
+------------------------------------------------------------------------+---------------------------------------------------------------------------+
; Audio_interface:Audio_interface|i2c:I2C_controller|i2c_out[7,8,13..15] ; Stuck at GND due to stuck port data_in                                    ;
; Audio_interface:Audio_interface|i2c:I2C_controller|i2c_out[6]          ; Merged with Audio_interface:Audio_interface|i2c:I2C_controller|i2c_out[5] ;
; Audio_interface:Audio_interface|i2c:I2C_controller|AUDIO.s2            ; Stuck at GND due to stuck port data_in                                    ;
; Audio_interface:Audio_interface|i2c:I2C_controller|AUDIO.s3            ; Stuck at GND due to stuck port data_in                                    ;
; Audio_interface:Audio_interface|i2c:I2C_controller|AUDIO.s4            ; Stuck at GND due to stuck port data_in                                    ;
; Audio_interface:Audio_interface|i2c:I2C_controller|num[0..3]           ; Stuck at GND due to stuck port clock_enable                               ;
; Audio_interface:Audio_interface|i2c:I2C_controller|i2c_out[9..12]      ; Stuck at GND due to stuck port data_in                                    ;
; Audio_interface:Audio_interface|i2c:I2C_controller|done                ; Stuck at VCC due to stuck port clock_enable                               ;
; Audio_interface:Audio_interface|i2c:I2C_controller|AUDIO.s5            ; Stuck at GND due to stuck port data_in                                    ;
; Audio_interface:Audio_interface|i2c:I2C_controller|i2c_out[3]          ; Stuck at GND due to stuck port data_in                                    ;
; Audio_interface:Audio_interface|i2c:I2C_controller|i2c_out[2]          ; Stuck at VCC due to stuck port data_in                                    ;
; Audio_interface:Audio_interface|i2c:I2C_controller|i2c_out[1]          ; Stuck at GND due to stuck port data_in                                    ;
; Audio_interface:Audio_interface|i2c:I2C_controller|i2c_out[0]          ; Stuck at VCC due to stuck port data_in                                    ;
; Audio_interface:Audio_interface|i2c:I2C_controller|i2c_out[5]          ; Stuck at GND due to stuck port data_in                                    ;
; Audio_interface:Audio_interface|i2c:I2C_controller|i2c_out[4]          ; Stuck at VCC due to stuck port data_in                                    ;
; Audio_interface:Audio_interface|i2c:I2C_controller|AUDIO.s1            ; Stuck at GND due to stuck port data_in                                    ;
; Audio_interface:Audio_interface|i2c:I2C_controller|i2c_end             ; Lost fanout                                                               ;
; Audio_interface:Audio_interface|i2c:I2C_controller|ack[1..3]           ; Lost fanout                                                               ;
; Audio_interface:Audio_interface|\Aud_Bclock:bcount[4]                  ; Stuck at GND due to stuck port data_in                                    ;
; Total Number of Removed Registers = 31                                 ;                                                                           ;
+------------------------------------------------------------------------+---------------------------------------------------------------------------+


+--------------------------------------------------------------------------------------------------------------------------------------------------------------+
; Removed Registers Triggering Further Register Optimizations                                                                                                  ;
+----------------------------------------------------------------+---------------------------+-----------------------------------------------------------------+
; Register name                                                  ; Reason for Removal        ; Registers Removed due to This Register                          ;
+----------------------------------------------------------------+---------------------------+-----------------------------------------------------------------+
; Audio_interface:Audio_interface|i2c:I2C_controller|AUDIO.s4    ; Stuck at GND              ; Audio_interface:Audio_interface|i2c:I2C_controller|num[3],      ;
;                                                                ; due to stuck port data_in ; Audio_interface:Audio_interface|i2c:I2C_controller|num[2],      ;
;                                                                ;                           ; Audio_interface:Audio_interface|i2c:I2C_controller|num[1],      ;
;                                                                ;                           ; Audio_interface:Audio_interface|i2c:I2C_controller|num[0],      ;
;                                                                ;                           ; Audio_interface:Audio_interface|i2c:I2C_controller|i2c_out[11], ;
;                                                                ;                           ; Audio_interface:Audio_interface|i2c:I2C_controller|i2c_out[10], ;
;                                                                ;                           ; Audio_interface:Audio_interface|i2c:I2C_controller|i2c_out[9],  ;
;                                                                ;                           ; Audio_interface:Audio_interface|i2c:I2C_controller|i2c_out[12], ;
;                                                                ;                           ; Audio_interface:Audio_interface|i2c:I2C_controller|done,        ;
;                                                                ;                           ; Audio_interface:Audio_interface|i2c:I2C_controller|AUDIO.s5,    ;
;                                                                ;                           ; Audio_interface:Audio_interface|i2c:I2C_controller|i2c_out[3],  ;
;                                                                ;                           ; Audio_interface:Audio_interface|i2c:I2C_controller|i2c_out[2],  ;
;                                                                ;                           ; Audio_interface:Audio_interface|i2c:I2C_controller|i2c_out[1],  ;
;                                                                ;                           ; Audio_interface:Audio_interface|i2c:I2C_controller|i2c_out[0],  ;
;                                                                ;                           ; Audio_interface:Audio_interface|i2c:I2C_controller|i2c_out[5],  ;
;                                                                ;                           ; Audio_interface:Audio_interface|i2c:I2C_controller|i2c_out[4],  ;
;                                                                ;                           ; Audio_interface:Audio_interface|\Aud_Bclock:bcount[4]           ;
; Audio_interface:Audio_interface|i2c:I2C_controller|AUDIO.s2    ; Stuck at GND              ; Audio_interface:Audio_interface|i2c:I2C_controller|i2c_end,     ;
;                                                                ; due to stuck port data_in ; Audio_interface:Audio_interface|i2c:I2C_controller|ack[3],      ;
;                                                                ;                           ; Audio_interface:Audio_interface|i2c:I2C_controller|ack[2]       ;
; Audio_interface:Audio_interface|i2c:I2C_controller|i2c_out[15] ; Stuck at GND              ; Audio_interface:Audio_interface|i2c:I2C_controller|ack[1]       ;
;                                                                ; due to stuck port data_in ;                                                                 ;
; Audio_interface:Audio_interface|i2c:I2C_controller|AUDIO.s3    ; Stuck at GND              ; Audio_interface:Audio_interface|i2c:I2C_controller|AUDIO.s1     ;
;                                                                ; due to stuck port data_in ;                                                                 ;
+----------------------------------------------------------------+---------------------------+-----------------------------------------------------------------+


+------------------------------------------------------+
; General Register Statistics                          ;
+----------------------------------------------+-------+
; Statistic                                    ; Value ;
+----------------------------------------------+-------+
; Total registers                              ; 86    ;
; Number of registers using Synchronous Clear  ; 23    ;
; Number of registers using Synchronous Load   ; 0     ;
; Number of registers using Asynchronous Clear ; 53    ;
; Number of registers using Asynchronous Load  ; 0     ;
; Number of registers using Clock Enable       ; 1     ;
; Number of registers using Preset             ; 0     ;
+----------------------------------------------+-------+


+------------------------------------------------------------------+
; Inverted Register Statistics                                     ;
+--------------------------------------------------------+---------+
; Inverted Register                                      ; Fan out ;
+--------------------------------------------------------+---------+
; Audio_interface:Audio_interface|lrck                   ; 7       ;
; Audio_interface:Audio_interface|i2c:I2C_controller|SDO ; 3       ;
; Total number of inverted registers = 2                 ;         ;
+--------------------------------------------------------+---------+


+------------------------------------------------------------------------------------------------------------------------------------------------------------------------------------+
; Multiplexer Restructuring Statistics (Restructuring Performed)                                                                                                                     ;
+--------------------+-----------+---------------+----------------------+------------------------+------------+----------------------------------------------------------------------+
; Multiplexer Inputs ; Bus Width ; Baseline Area ; Area if Restructured ; Saving if Restructured ; Registered ; Example Multiplexer Output                                           ;
+--------------------+-----------+---------------+----------------------+------------------------+------------+----------------------------------------------------------------------+
; 6:1                ; 2 bits    ; 8 LEs         ; 4 LEs                ; 4 LEs                  ; No         ; |WM8731|Audio_interface:Audio_interface|i2c:I2C_controller|Selector2 ;
; 7:1                ; 2 bits    ; 8 LEs         ; 6 LEs                ; 2 LEs                  ; No         ; |WM8731|Audio_interface:Audio_interface|i2c:I2C_controller|Selector4 ;
; 10:1               ; 2 bits    ; 12 LEs        ; 6 LEs                ; 6 LEs                  ; No         ; |WM8731|Audio_interface:Audio_interface|Selector6                    ;
; 11:1               ; 2 bits    ; 14 LEs        ; 6 LEs                ; 8 LEs                  ; No         ; |WM8731|Audio_interface:Audio_interface|Selector9                    ;
; 11:1               ; 2 bits    ; 14 LEs        ; 6 LEs                ; 8 LEs                  ; No         ; |WM8731|Audio_interface:Audio_interface|Selector3                    ;
+--------------------+-----------+---------------+----------------------+------------------------+------------+----------------------------------------------------------------------+


+------------------------------------------------------------------------------+
; Parameter Settings for User Entity Instance: Audio_interface:Audio_interface ;
+----------------+-------+-----------------------------------------------------+
; Parameter Name ; Value ; Type                                                ;
+----------------+-------+-----------------------------------------------------+
; sample_rate    ; 32    ; Signed Integer                                      ;
+----------------+-------+-----------------------------------------------------+
Note: In order to hide this table in the UI and the text report file, please set the "Show Parameter Settings in Synthesis Report" option in "Analysis and Synthesis Settings -> More Settings" to "Off".


+-------------------------------------------------------------------------------------------------+
; Parameter Settings for User Entity Instance: Audio_interface:Audio_interface|i2c:I2C_controller ;
+----------------+----------+---------------------------------------------------------------------+
; Parameter Name ; Value    ; Type                                                                ;
+----------------+----------+---------------------------------------------------------------------+
; clk_freq       ; 50000000 ; Signed Integer                                                      ;
; i2c_freq       ; 20000    ; Signed Integer                                                      ;
+----------------+----------+---------------------------------------------------------------------+
Note: In order to hide this table in the UI and the text report file, please set the "Show Parameter Settings in Synthesis Report" option in "Analysis and Synthesis Settings -> More Settings" to "Off".


+-----------------------------------------------------------------------------------------------------------------------------------------------------+
; Parameter Settings for User Entity Instance: Audio_interface:Audio_interface|AudioPLL:Audio_PLL|AudioPLL_0002:audiopll_inst|altera_pll:altera_pll_i ;
+--------------------------------------+------------------------+-------------------------------------------------------------------------------------+
; Parameter Name                       ; Value                  ; Type                                                                                ;
+--------------------------------------+------------------------+-------------------------------------------------------------------------------------+
; reference_clock_frequency            ; 50.0 MHz               ; String                                                                              ;
; fractional_vco_multiplier            ; false                  ; String                                                                              ;
; pll_type                             ; General                ; String                                                                              ;
; pll_subtype                          ; General                ; String                                                                              ;
; number_of_clocks                     ; 1                      ; Signed Integer                                                                      ;
; operation_mode                       ; direct                 ; String                                                                              ;
; deserialization_factor               ; 4                      ; Signed Integer                                                                      ;
; data_rate                            ; 0                      ; Signed Integer                                                                      ;
; sim_additional_refclk_cycles_to_lock ; 0                      ; Signed Integer                                                                      ;
; output_clock_frequency0              ; 18.432203 MHz          ; String                                                                              ;
; phase_shift0                         ; 0 ps                   ; String                                                                              ;
; duty_cycle0                          ; 50                     ; Signed Integer                                                                      ;
; output_clock_frequency1              ; 0 MHz                  ; String                                                                              ;
; phase_shift1                         ; 0 ps                   ; String                                                                              ;
; duty_cycle1                          ; 50                     ; Signed Integer                                                                      ;
; output_clock_frequency2              ; 0 MHz                  ; String                                                                              ;
; phase_shift2                         ; 0 ps                   ; String                                                                              ;
; duty_cycle2                          ; 50                     ; Signed Integer                                                                      ;
; output_clock_frequency3              ; 0 MHz                  ; String                                                                              ;
; phase_shift3                         ; 0 ps                   ; String                                                                              ;
; duty_cycle3                          ; 50                     ; Signed Integer                                                                      ;
; output_clock_frequency4              ; 0 MHz                  ; String                                                                              ;
; phase_shift4                         ; 0 ps                   ; String                                                                              ;
; duty_cycle4                          ; 50                     ; Signed Integer                                                                      ;
; output_clock_frequency5              ; 0 MHz                  ; String                                                                              ;
; phase_shift5                         ; 0 ps                   ; String                                                                              ;
; duty_cycle5                          ; 50                     ; Signed Integer                                                                      ;
; output_clock_frequency6              ; 0 MHz                  ; String                                                                              ;
; phase_shift6                         ; 0 ps                   ; String                                                                              ;
; duty_cycle6                          ; 50                     ; Signed Integer                                                                      ;
; output_clock_frequency7              ; 0 MHz                  ; String                                                                              ;
; phase_shift7                         ; 0 ps                   ; String                                                                              ;
; duty_cycle7                          ; 50                     ; Signed Integer                                                                      ;
; output_clock_frequency8              ; 0 MHz                  ; String                                                                              ;
; phase_shift8                         ; 0 ps                   ; String                                                                              ;
; duty_cycle8                          ; 50                     ; Signed Integer                                                                      ;
; output_clock_frequency9              ; 0 MHz                  ; String                                                                              ;
; phase_shift9                         ; 0 ps                   ; String                                                                              ;
; duty_cycle9                          ; 50                     ; Signed Integer                                                                      ;
; output_clock_frequency10             ; 0 MHz                  ; String                                                                              ;
; phase_shift10                        ; 0 ps                   ; String                                                                              ;
; duty_cycle10                         ; 50                     ; Signed Integer                                                                      ;
; output_clock_frequency11             ; 0 MHz                  ; String                                                                              ;
; phase_shift11                        ; 0 ps                   ; String                                                                              ;
; duty_cycle11                         ; 50                     ; Signed Integer                                                                      ;
; output_clock_frequency12             ; 0 MHz                  ; String                                                                              ;
; phase_shift12                        ; 0 ps                   ; String                                                                              ;
; duty_cycle12                         ; 50                     ; Signed Integer                                                                      ;
; output_clock_frequency13             ; 0 MHz                  ; String                                                                              ;
; phase_shift13                        ; 0 ps                   ; String                                                                              ;
; duty_cycle13                         ; 50                     ; Signed Integer                                                                      ;
; output_clock_frequency14             ; 0 MHz                  ; String                                                                              ;
; phase_shift14                        ; 0 ps                   ; String                                                                              ;
; duty_cycle14                         ; 50                     ; Signed Integer                                                                      ;
; output_clock_frequency15             ; 0 MHz                  ; String                                                                              ;
; phase_shift15                        ; 0 ps                   ; String                                                                              ;
; duty_cycle15                         ; 50                     ; Signed Integer                                                                      ;
; output_clock_frequency16             ; 0 MHz                  ; String                                                                              ;
; phase_shift16                        ; 0 ps                   ; String                                                                              ;
; duty_cycle16                         ; 50                     ; Signed Integer                                                                      ;
; output_clock_frequency17             ; 0 MHz                  ; String                                                                              ;
; phase_shift17                        ; 0 ps                   ; String                                                                              ;
; duty_cycle17                         ; 50                     ; Signed Integer                                                                      ;
; clock_name_0                         ;                        ; String                                                                              ;
; clock_name_1                         ;                        ; String                                                                              ;
; clock_name_2                         ;                        ; String                                                                              ;
; clock_name_3                         ;                        ; String                                                                              ;
; clock_name_4                         ;                        ; String                                                                              ;
; clock_name_5                         ;                        ; String                                                                              ;
; clock_name_6                         ;                        ; String                                                                              ;
; clock_name_7                         ;                        ; String                                                                              ;
; clock_name_8                         ;                        ; String                                                                              ;
; clock_name_global_0                  ; false                  ; String                                                                              ;
; clock_name_global_1                  ; false                  ; String                                                                              ;
; clock_name_global_2                  ; false                  ; String                                                                              ;
; clock_name_global_3                  ; false                  ; String                                                                              ;
; clock_name_global_4                  ; false                  ; String                                                                              ;
; clock_name_global_5                  ; false                  ; String                                                                              ;
; clock_name_global_6                  ; false                  ; String                                                                              ;
; clock_name_global_7                  ; false                  ; String                                                                              ;
; clock_name_global_8                  ; false                  ; String                                                                              ;
; m_cnt_hi_div                         ; 1                      ; Signed Integer                                                                      ;
; m_cnt_lo_div                         ; 1                      ; Signed Integer                                                                      ;
; m_cnt_bypass_en                      ; false                  ; String                                                                              ;
; m_cnt_odd_div_duty_en                ; false                  ; String                                                                              ;
; n_cnt_hi_div                         ; 1                      ; Signed Integer                                                                      ;
; n_cnt_lo_div                         ; 1                      ; Signed Integer                                                                      ;
; n_cnt_bypass_en                      ; false                  ; String                                                                              ;
; n_cnt_odd_div_duty_en                ; false                  ; String                                                                              ;
; c_cnt_hi_div0                        ; 1                      ; Signed Integer                                                                      ;
; c_cnt_lo_div0                        ; 1                      ; Signed Integer                                                                      ;
; c_cnt_bypass_en0                     ; false                  ; String                                                                              ;
; c_cnt_in_src0                        ; ph_mux_clk             ; String                                                                              ;
; c_cnt_odd_div_duty_en0               ; false                  ; String                                                                              ;
; c_cnt_prst0                          ; 1                      ; Signed Integer                                                                      ;
; c_cnt_ph_mux_prst0                   ; 0                      ; Signed Integer                                                                      ;
; c_cnt_hi_div1                        ; 1                      ; Signed Integer                                                                      ;
; c_cnt_lo_div1                        ; 1                      ; Signed Integer                                                                      ;
; c_cnt_bypass_en1                     ; false                  ; String                                                                              ;
; c_cnt_in_src1                        ; ph_mux_clk             ; String                                                                              ;
; c_cnt_odd_div_duty_en1               ; false                  ; String                                                                              ;
; c_cnt_prst1                          ; 1                      ; Signed Integer                                                                      ;
; c_cnt_ph_mux_prst1                   ; 0                      ; Signed Integer                                                                      ;
; c_cnt_hi_div2                        ; 1                      ; Signed Integer                                                                      ;
; c_cnt_lo_div2                        ; 1                      ; Signed Integer                                                                      ;
; c_cnt_bypass_en2                     ; false                  ; String                                                                              ;
; c_cnt_in_src2                        ; ph_mux_clk             ; String                                                                              ;
; c_cnt_odd_div_duty_en2               ; false                  ; String                                                                              ;
; c_cnt_prst2                          ; 1                      ; Signed Integer                                                                      ;
; c_cnt_ph_mux_prst2                   ; 0                      ; Signed Integer                                                                      ;
; c_cnt_hi_div3                        ; 1                      ; Signed Integer                                                                      ;
; c_cnt_lo_div3                        ; 1                      ; Signed Integer                                                                      ;
; c_cnt_bypass_en3                     ; false                  ; String                                                                              ;
; c_cnt_in_src3                        ; ph_mux_clk             ; String                                                                              ;
; c_cnt_odd_div_duty_en3               ; false                  ; String                                                                              ;
; c_cnt_prst3                          ; 1                      ; Signed Integer                                                                      ;
; c_cnt_ph_mux_prst3                   ; 0                      ; Signed Integer                                                                      ;
; c_cnt_hi_div4                        ; 1                      ; Signed Integer                                                                      ;
; c_cnt_lo_div4                        ; 1                      ; Signed Integer                                                                      ;
; c_cnt_bypass_en4                     ; false                  ; String                                                                              ;
; c_cnt_in_src4                        ; ph_mux_clk             ; String                                                                              ;
; c_cnt_odd_div_duty_en4               ; false                  ; String                                                                              ;
; c_cnt_prst4                          ; 1                      ; Signed Integer                                                                      ;
; c_cnt_ph_mux_prst4                   ; 0                      ; Signed Integer                                                                      ;
; c_cnt_hi_div5                        ; 1                      ; Signed Integer                                                                      ;
; c_cnt_lo_div5                        ; 1                      ; Signed Integer                                                                      ;
; c_cnt_bypass_en5                     ; false                  ; String                                                                              ;
; c_cnt_in_src5                        ; ph_mux_clk             ; String                                                                              ;
; c_cnt_odd_div_duty_en5               ; false                  ; String                                                                              ;
; c_cnt_prst5                          ; 1                      ; Signed Integer                                                                      ;
; c_cnt_ph_mux_prst5                   ; 0                      ; Signed Integer                                                                      ;
; c_cnt_hi_div6                        ; 1                      ; Signed Integer                                                                      ;
; c_cnt_lo_div6                        ; 1                      ; Signed Integer                                                                      ;
; c_cnt_bypass_en6                     ; false                  ; String                                                                              ;
; c_cnt_in_src6                        ; ph_mux_clk             ; String                                                                              ;
; c_cnt_odd_div_duty_en6               ; false                  ; String                                                                              ;
; c_cnt_prst6                          ; 1                      ; Signed Integer                                                                      ;
; c_cnt_ph_mux_prst6                   ; 0                      ; Signed Integer                                                                      ;
; c_cnt_hi_div7                        ; 1                      ; Signed Integer                                                                      ;
; c_cnt_lo_div7                        ; 1                      ; Signed Integer                                                                      ;
; c_cnt_bypass_en7                     ; false                  ; String                                                                              ;
; c_cnt_in_src7                        ; ph_mux_clk             ; String                                                                              ;
; c_cnt_odd_div_duty_en7               ; false                  ; String                                                                              ;
; c_cnt_prst7                          ; 1                      ; Signed Integer                                                                      ;
; c_cnt_ph_mux_prst7                   ; 0                      ; Signed Integer                                                                      ;
; c_cnt_hi_div8                        ; 1                      ; Signed Integer                                                                      ;
; c_cnt_lo_div8                        ; 1                      ; Signed Integer                                                                      ;
; c_cnt_bypass_en8                     ; false                  ; String                                                                              ;
; c_cnt_in_src8                        ; ph_mux_clk             ; String                                                                              ;
; c_cnt_odd_div_duty_en8               ; false                  ; String                                                                              ;
; c_cnt_prst8                          ; 1                      ; Signed Integer                                                                      ;
; c_cnt_ph_mux_prst8                   ; 0                      ; Signed Integer                                                                      ;
; c_cnt_hi_div9                        ; 1                      ; Signed Integer                                                                      ;
; c_cnt_lo_div9                        ; 1                      ; Signed Integer                                                                      ;
; c_cnt_bypass_en9                     ; false                  ; String                                                                              ;
; c_cnt_in_src9                        ; ph_mux_clk             ; String                                                                              ;
; c_cnt_odd_div_duty_en9               ; false                  ; String                                                                              ;
; c_cnt_prst9                          ; 1                      ; Signed Integer                                                                      ;
; c_cnt_ph_mux_prst9                   ; 0                      ; Signed Integer                                                                      ;
; c_cnt_hi_div10                       ; 1                      ; Signed Integer                                                                      ;
; c_cnt_lo_div10                       ; 1                      ; Signed Integer                                                                      ;
; c_cnt_bypass_en10                    ; false                  ; String                                                                              ;
; c_cnt_in_src10                       ; ph_mux_clk             ; String                                                                              ;
; c_cnt_odd_div_duty_en10              ; false                  ; String                                                                              ;
; c_cnt_prst10                         ; 1                      ; Signed Integer                                                                      ;
; c_cnt_ph_mux_prst10                  ; 0                      ; Signed Integer                                                                      ;
; c_cnt_hi_div11                       ; 1                      ; Signed Integer                                                                      ;
; c_cnt_lo_div11                       ; 1                      ; Signed Integer                                                                      ;
; c_cnt_bypass_en11                    ; false                  ; String                                                                              ;
; c_cnt_in_src11                       ; ph_mux_clk             ; String                                                                              ;
; c_cnt_odd_div_duty_en11              ; false                  ; String                                                                              ;
; c_cnt_prst11                         ; 1                      ; Signed Integer                                                                      ;
; c_cnt_ph_mux_prst11                  ; 0                      ; Signed Integer                                                                      ;
; c_cnt_hi_div12                       ; 1                      ; Signed Integer                                                                      ;
; c_cnt_lo_div12                       ; 1                      ; Signed Integer                                                                      ;
; c_cnt_bypass_en12                    ; false                  ; String                                                                              ;
; c_cnt_in_src12                       ; ph_mux_clk             ; String                                                                              ;
; c_cnt_odd_div_duty_en12              ; false                  ; String                                                                              ;
; c_cnt_prst12                         ; 1                      ; Signed Integer                                                                      ;
; c_cnt_ph_mux_prst12                  ; 0                      ; Signed Integer                                                                      ;
; c_cnt_hi_div13                       ; 1                      ; Signed Integer                                                                      ;
; c_cnt_lo_div13                       ; 1                      ; Signed Integer                                                                      ;
; c_cnt_bypass_en13                    ; false                  ; String                                                                              ;
; c_cnt_in_src13                       ; ph_mux_clk             ; String                                                                              ;
; c_cnt_odd_div_duty_en13              ; false                  ; String                                                                              ;
; c_cnt_prst13                         ; 1                      ; Signed Integer                                                                      ;
; c_cnt_ph_mux_prst13                  ; 0                      ; Signed Integer                                                                      ;
; c_cnt_hi_div14                       ; 1                      ; Signed Integer                                                                      ;
; c_cnt_lo_div14                       ; 1                      ; Signed Integer                                                                      ;
; c_cnt_bypass_en14                    ; false                  ; String                                                                              ;
; c_cnt_in_src14                       ; ph_mux_clk             ; String                                                                              ;
; c_cnt_odd_div_duty_en14              ; false                  ; String                                                                              ;
; c_cnt_prst14                         ; 1                      ; Signed Integer                                                                      ;
; c_cnt_ph_mux_prst14                  ; 0                      ; Signed Integer                                                                      ;
; c_cnt_hi_div15                       ; 1                      ; Signed Integer                                                                      ;
; c_cnt_lo_div15                       ; 1                      ; Signed Integer                                                                      ;
; c_cnt_bypass_en15                    ; false                  ; String                                                                              ;
; c_cnt_in_src15                       ; ph_mux_clk             ; String                                                                              ;
; c_cnt_odd_div_duty_en15              ; false                  ; String                                                                              ;
; c_cnt_prst15                         ; 1                      ; Signed Integer                                                                      ;
; c_cnt_ph_mux_prst15                  ; 0                      ; Signed Integer                                                                      ;
; c_cnt_hi_div16                       ; 1                      ; Signed Integer                                                                      ;
; c_cnt_lo_div16                       ; 1                      ; Signed Integer                                                                      ;
; c_cnt_bypass_en16                    ; false                  ; String                                                                              ;
; c_cnt_in_src16                       ; ph_mux_clk             ; String                                                                              ;
; c_cnt_odd_div_duty_en16              ; false                  ; String                                                                              ;
; c_cnt_prst16                         ; 1                      ; Signed Integer                                                                      ;
; c_cnt_ph_mux_prst16                  ; 0                      ; Signed Integer                                                                      ;
; c_cnt_hi_div17                       ; 1                      ; Signed Integer                                                                      ;
; c_cnt_lo_div17                       ; 1                      ; Signed Integer                                                                      ;
; c_cnt_bypass_en17                    ; false                  ; String                                                                              ;
; c_cnt_in_src17                       ; ph_mux_clk             ; String                                                                              ;
; c_cnt_odd_div_duty_en17              ; false                  ; String                                                                              ;
; c_cnt_prst17                         ; 1                      ; Signed Integer                                                                      ;
; c_cnt_ph_mux_prst17                  ; 0                      ; Signed Integer                                                                      ;
; pll_vco_div                          ; 1                      ; Signed Integer                                                                      ;
; pll_slf_rst                          ; false                  ; String                                                                              ;
; pll_bw_sel                           ; low                    ; String                                                                              ;
; pll_output_clk_frequency             ; 0 MHz                  ; String                                                                              ;
; pll_cp_current                       ; 0                      ; Signed Integer                                                                      ;
; pll_bwctrl                           ; 0                      ; Signed Integer                                                                      ;
; pll_fractional_division              ; 1                      ; Signed Integer                                                                      ;
; pll_fractional_cout                  ; 24                     ; Signed Integer                                                                      ;
; pll_dsm_out_sel                      ; 1st_order              ; String                                                                              ;
; mimic_fbclk_type                     ; gclk                   ; String                                                                              ;
; pll_fbclk_mux_1                      ; glb                    ; String                                                                              ;
; pll_fbclk_mux_2                      ; fb_1                   ; String                                                                              ;
; pll_m_cnt_in_src                     ; ph_mux_clk             ; String                                                                              ;
; pll_vcoph_div                        ; 1                      ; Signed Integer                                                                      ;
; refclk1_frequency                    ; 0 MHz                  ; String                                                                              ;
; pll_clkin_0_src                      ; clk_0                  ; String                                                                              ;
; pll_clkin_1_src                      ; clk_0                  ; String                                                                              ;
; pll_clk_loss_sw_en                   ; false                  ; String                                                                              ;
; pll_auto_clk_sw_en                   ; false                  ; String                                                                              ;
; pll_manu_clk_sw_en                   ; false                  ; String                                                                              ;
; pll_clk_sw_dly                       ; 0                      ; Signed Integer                                                                      ;
; pll_extclk_0_cnt_src                 ; pll_extclk_cnt_src_vss ; String                                                                              ;
; pll_extclk_1_cnt_src                 ; pll_extclk_cnt_src_vss ; String                                                                              ;
+--------------------------------------+------------------------+-------------------------------------------------------------------------------------+
Note: In order to hide this table in the UI and the text report file, please set the "Show Parameter Settings in Synthesis Report" option in "Analysis and Synthesis Settings -> More Settings" to "Off".


+--------------------------------------------------------------------------------+
; Port Connectivity Checks: "Audio_interface:Audio_interface|i2c:I2C_controller" ;
+---------------------+-------+----------+---------------------------------------+
; Port                ; Type  ; Severity ; Details                               ;
+---------------------+-------+----------+---------------------------------------+
; sample_ctrl[4..3]   ; Input ; Info     ; Stuck at VCC                          ;
; sample_ctrl[15..13] ; Input ; Info     ; Stuck at GND                          ;
; sample_ctrl[11..5]  ; Input ; Info     ; Stuck at GND                          ;
; sample_ctrl[12]     ; Input ; Info     ; Stuck at VCC                          ;
; sample_ctrl[2]      ; Input ; Info     ; Stuck at GND                          ;
; sample_ctrl[1]      ; Input ; Info     ; Stuck at VCC                          ;
; sample_ctrl[0]      ; Input ; Info     ; Stuck at GND                          ;
+---------------------+-------+----------+---------------------------------------+


+-----------------------------------------------------------------------------------------------------------------+
; Port Connectivity Checks: "Audio_interface:Audio_interface"                                                     ;
+-------+--------+----------+-------------------------------------------------------------------------------------+
; Port  ; Type   ; Severity ; Details                                                                             ;
+-------+--------+----------+-------------------------------------------------------------------------------------+
; rdone ; Output ; Info     ; Connected to dangling logic. Logic that only feeds a dangling port will be removed. ;
; ldone ; Output ; Info     ; Connected to dangling logic. Logic that only feeds a dangling port will be removed. ;
+-------+--------+----------+-------------------------------------------------------------------------------------+


+-----------------------------------------------------+
; Post-Synthesis Netlist Statistics for Top Partition ;
+-----------------------+-----------------------------+
; Type                  ; Count                       ;
+-----------------------+-----------------------------+
; arriav_ff             ; 86                          ;
;     CLR               ; 30                          ;
;     CLR SCLR          ; 23                          ;
;     ENA               ; 1                           ;
;     plain             ; 32                          ;
; arriav_io_obuf        ; 2                           ;
; arriav_lcell_comb     ; 124                         ;
;     arith             ; 22                          ;
;         1 data inputs ; 22                          ;
;     normal            ; 102                         ;
;         1 data inputs ; 1                           ;
;         2 data inputs ; 15                          ;
;         3 data inputs ; 7                           ;
;         4 data inputs ; 27                          ;
;         5 data inputs ; 17                          ;
;         6 data inputs ; 35                          ;
; boundary_port         ; 16                          ;
; generic_pll           ; 1                           ;
;                       ;                             ;
; Max LUT depth         ; 3.00                        ;
; Average LUT depth     ; 1.95                        ;
+-----------------------+-----------------------------+


+-------------------------------+
; Elapsed Time Per Partition    ;
+----------------+--------------+
; Partition Name ; Elapsed Time ;
+----------------+--------------+
; Top            ; 00:00:00     ;
+----------------+--------------+


+-------------------------------+
; Analysis & Synthesis Messages ;
+-------------------------------+
Info: *******************************************************************
Info: Running Quartus Prime Analysis & Synthesis
    Info: Version 18.1.0 Build 625 09/12/2018 SJ Lite Edition
    Info: Processing started: Wed Dec 25 21:55:47 2024
Info: Command: quartus_map --read_settings_files=on --write_settings_files=off WM8731 -c WM8731
Warning (18236): Number of processors has not been specified which may cause overloading on shared machines.  Set the global assignment NUM_PARALLEL_PROCESSORS in your QSF to an appropriate value for best performance.
Info (20030): Parallel compilation is enabled and will use 4 of the 4 processors detected
Info (12021): Found 2 design units, including 1 entities, in source file i2c.vhd
    Info (12022): Found design unit 1: i2c-initialization File: C:/Source Code TA/HDL/AudioCodec/WM8731_ver2/quartus/i2c.vhd Line: 20
    Info (12023): Found entity 1: i2c File: C:/Source Code TA/HDL/AudioCodec/WM8731_ver2/quartus/i2c.vhd Line: 5
Info (12021): Found 2 design units, including 1 entities, in source file audio_interface.vhd
    Info (12022): Found design unit 1: Audio_interface-WM8731 File: C:/Source Code TA/HDL/AudioCodec/WM8731_ver2/quartus/Audio_interface.vhd Line: 30
    Info (12023): Found entity 1: Audio_interface File: C:/Source Code TA/HDL/AudioCodec/WM8731_ver2/quartus/Audio_interface.vhd Line: 9
Info (12021): Found 2 design units, including 1 entities, in source file audiopll.vhd
    Info (12022): Found design unit 1: AudioPLL-rtl File: C:/Source Code TA/HDL/AudioCodec/WM8731_ver2/quartus/AudioPLL.vhd Line: 19
    Info (12023): Found entity 1: AudioPLL File: C:/Source Code TA/HDL/AudioCodec/WM8731_ver2/quartus/AudioPLL.vhd Line: 11
Info (12021): Found 1 design units, including 1 entities, in source file audiopll/audiopll_0002.v
    Info (12023): Found entity 1: AudioPLL_0002 File: C:/Source Code TA/HDL/AudioCodec/WM8731_ver2/quartus/AudioPLL/AudioPLL_0002.v Line: 2
Warning (12125): Using design file wm8731.vhd, which is not specified as a design file for the current project, but contains definitions for 2 design units and 1 entities in project
    Info (12022): Found design unit 1: WM8731-rtl File: C:/Source Code TA/HDL/AudioCodec/WM8731_ver2/quartus/wm8731.vhd Line: 45
    Info (12023): Found entity 1: WM8731 File: C:/Source Code TA/HDL/AudioCodec/WM8731_ver2/quartus/wm8731.vhd Line: 10
Info (12127): Elaborating entity "WM8731" for the top level hierarchy
Warning (10036): Verilog HDL or VHDL warning at wm8731.vhd(49): object "Ldone" assigned a value but never read File: C:/Source Code TA/HDL/AudioCodec/WM8731_ver2/quartus/wm8731.vhd Line: 49
Warning (10036): Verilog HDL or VHDL warning at wm8731.vhd(49): object "Rdone" assigned a value but never read File: C:/Source Code TA/HDL/AudioCodec/WM8731_ver2/quartus/wm8731.vhd Line: 49
Info (12128): Elaborating entity "Audio_interface" for hierarchy "Audio_interface:Audio_interface" File: C:/Source Code TA/HDL/AudioCodec/WM8731_ver2/quartus/wm8731.vhd Line: 54
Info (12128): Elaborating entity "i2c" for hierarchy "Audio_interface:Audio_interface|i2c:I2C_controller" File: C:/Source Code TA/HDL/AudioCodec/WM8731_ver2/quartus/Audio_interface.vhd Line: 61
Info (12128): Elaborating entity "AudioPLL" for hierarchy "Audio_interface:Audio_interface|AudioPLL:Audio_PLL" File: C:/Source Code TA/HDL/AudioCodec/WM8731_ver2/quartus/Audio_interface.vhd Line: 166
Info (12128): Elaborating entity "AudioPLL_0002" for hierarchy "Audio_interface:Audio_interface|AudioPLL:Audio_PLL|AudioPLL_0002:audiopll_inst" File: C:/Source Code TA/HDL/AudioCodec/WM8731_ver2/quartus/AudioPLL.vhd Line: 31
Info (12128): Elaborating entity "altera_pll" for hierarchy "Audio_interface:Audio_interface|AudioPLL:Audio_PLL|AudioPLL_0002:audiopll_inst|altera_pll:altera_pll_i" File: C:/Source Code TA/HDL/AudioCodec/WM8731_ver2/quartus/AudioPLL/AudioPLL_0002.v Line: 85
Info (10008): Verilog HDL or VHDL information: EDA Netlist Writer cannot regroup multidimensional array "wire_to_nowhere_64" into its bus
Info (12130): Elaborated megafunction instantiation "Audio_interface:Audio_interface|AudioPLL:Audio_PLL|AudioPLL_0002:audiopll_inst|altera_pll:altera_pll_i" File: C:/Source Code TA/HDL/AudioCodec/WM8731_ver2/quartus/AudioPLL/AudioPLL_0002.v Line: 85
Info (12133): Instantiated megafunction "Audio_interface:Audio_interface|AudioPLL:Audio_PLL|AudioPLL_0002:audiopll_inst|altera_pll:altera_pll_i" with the following parameter: File: C:/Source Code TA/HDL/AudioCodec/WM8731_ver2/quartus/AudioPLL/AudioPLL_0002.v Line: 85
    Info (12134): Parameter "fractional_vco_multiplier" = "false"
    Info (12134): Parameter "reference_clock_frequency" = "50.0 MHz"
    Info (12134): Parameter "operation_mode" = "direct"
    Info (12134): Parameter "number_of_clocks" = "1"
    Info (12134): Parameter "output_clock_frequency0" = "18.432203 MHz"
    Info (12134): Parameter "phase_shift0" = "0 ps"
    Info (12134): Parameter "duty_cycle0" = "50"
    Info (12134): Parameter "output_clock_frequency1" = "0 MHz"
    Info (12134): Parameter "phase_shift1" = "0 ps"
    Info (12134): Parameter "duty_cycle1" = "50"
    Info (12134): Parameter "output_clock_frequency2" = "0 MHz"
    Info (12134): Parameter "phase_shift2" = "0 ps"
    Info (12134): Parameter "duty_cycle2" = "50"
    Info (12134): Parameter "output_clock_frequency3" = "0 MHz"
    Info (12134): Parameter "phase_shift3" = "0 ps"
    Info (12134): Parameter "duty_cycle3" = "50"
    Info (12134): Parameter "output_clock_frequency4" = "0 MHz"
    Info (12134): Parameter "phase_shift4" = "0 ps"
    Info (12134): Parameter "duty_cycle4" = "50"
    Info (12134): Parameter "output_clock_frequency5" = "0 MHz"
    Info (12134): Parameter "phase_shift5" = "0 ps"
    Info (12134): Parameter "duty_cycle5" = "50"
    Info (12134): Parameter "output_clock_frequency6" = "0 MHz"
    Info (12134): Parameter "phase_shift6" = "0 ps"
    Info (12134): Parameter "duty_cycle6" = "50"
    Info (12134): Parameter "output_clock_frequency7" = "0 MHz"
    Info (12134): Parameter "phase_shift7" = "0 ps"
    Info (12134): Parameter "duty_cycle7" = "50"
    Info (12134): Parameter "output_clock_frequency8" = "0 MHz"
    Info (12134): Parameter "phase_shift8" = "0 ps"
    Info (12134): Parameter "duty_cycle8" = "50"
    Info (12134): Parameter "output_clock_frequency9" = "0 MHz"
    Info (12134): Parameter "phase_shift9" = "0 ps"
    Info (12134): Parameter "duty_cycle9" = "50"
    Info (12134): Parameter "output_clock_frequency10" = "0 MHz"
    Info (12134): Parameter "phase_shift10" = "0 ps"
    Info (12134): Parameter "duty_cycle10" = "50"
    Info (12134): Parameter "output_clock_frequency11" = "0 MHz"
    Info (12134): Parameter "phase_shift11" = "0 ps"
    Info (12134): Parameter "duty_cycle11" = "50"
    Info (12134): Parameter "output_clock_frequency12" = "0 MHz"
    Info (12134): Parameter "phase_shift12" = "0 ps"
    Info (12134): Parameter "duty_cycle12" = "50"
    Info (12134): Parameter "output_clock_frequency13" = "0 MHz"
    Info (12134): Parameter "phase_shift13" = "0 ps"
    Info (12134): Parameter "duty_cycle13" = "50"
    Info (12134): Parameter "output_clock_frequency14" = "0 MHz"
    Info (12134): Parameter "phase_shift14" = "0 ps"
    Info (12134): Parameter "duty_cycle14" = "50"
    Info (12134): Parameter "output_clock_frequency15" = "0 MHz"
    Info (12134): Parameter "phase_shift15" = "0 ps"
    Info (12134): Parameter "duty_cycle15" = "50"
    Info (12134): Parameter "output_clock_frequency16" = "0 MHz"
    Info (12134): Parameter "phase_shift16" = "0 ps"
    Info (12134): Parameter "duty_cycle16" = "50"
    Info (12134): Parameter "output_clock_frequency17" = "0 MHz"
    Info (12134): Parameter "phase_shift17" = "0 ps"
    Info (12134): Parameter "duty_cycle17" = "50"
    Info (12134): Parameter "pll_type" = "General"
    Info (12134): Parameter "pll_subtype" = "General"
Warning (13034): The following nodes have both tri-state and non-tri-state drivers
    Warning (13035): Inserted always-enabled tri-state buffer between "AUD_BCLK" and its non-tri-state driver. File: C:/Source Code TA/HDL/AudioCodec/WM8731_ver2/quartus/wm8731.vhd Line: 26
Warning (13009): TRI or OPNDRN buffers permanently enabled
    Warning (13010): Node "AUD_BCLK~synth" File: C:/Source Code TA/HDL/AudioCodec/WM8731_ver2/quartus/wm8731.vhd Line: 26
Info (286030): Timing-Driven Synthesis is running
Info (17049): 4 registers lost all their fanouts during netlist optimizations.
Info (16010): Generating hard_block partition "hard_block:auto_generated_inst"
    Info (16011): Adding 5 node(s), including 0 DDIO, 1 PLL, 0 transceiver and 0 LCELL
Warning: RST port on the PLL is not properly connected on instance Audio_interface:Audio_interface|AudioPLL:Audio_PLL|AudioPLL_0002:audiopll_inst|altera_pll:altera_pll_i|general[0].gpll. The reset port on the PLL should be connected. If the PLL loses lock for any reason, you might need to manually reset the PLL in order to re-establish lock to the reference clock. File: c:/intelfpga_lite/18.1/quartus/libraries/megafunctions/altera_pll.v Line: 748
    Info: Must be connected
Warning (21074): Design contains 6 input pin(s) that do not drive logic
    Warning (15610): No output dependent on input pin "CLOCK2_50" File: C:/Source Code TA/HDL/AudioCodec/WM8731_ver2/quartus/wm8731.vhd Line: 15
    Warning (15610): No output dependent on input pin "CLOCK3_50" File: C:/Source Code TA/HDL/AudioCodec/WM8731_ver2/quartus/wm8731.vhd Line: 16
    Warning (15610): No output dependent on input pin "CLOCK4_50" File: C:/Source Code TA/HDL/AudioCodec/WM8731_ver2/quartus/wm8731.vhd Line: 17
    Warning (15610): No output dependent on input pin "KEY[1]" File: C:/Source Code TA/HDL/AudioCodec/WM8731_ver2/quartus/wm8731.vhd Line: 21
    Warning (15610): No output dependent on input pin "KEY[2]" File: C:/Source Code TA/HDL/AudioCodec/WM8731_ver2/quartus/wm8731.vhd Line: 21
    Warning (15610): No output dependent on input pin "KEY[3]" File: C:/Source Code TA/HDL/AudioCodec/WM8731_ver2/quartus/wm8731.vhd Line: 21
Info (21057): Implemented 143 device resources after synthesis - the final resource count might be different
    Info (21058): Implemented 9 input pins
    Info (21059): Implemented 5 output pins
    Info (21060): Implemented 2 bidirectional pins
    Info (21061): Implemented 126 logic cells
    Info (21065): Implemented 1 PLLs
Info: Quartus Prime Analysis & Synthesis was successful. 0 errors, 16 warnings
    Info: Peak virtual memory: 4860 megabytes
    Info: Processing ended: Wed Dec 25 21:56:02 2024
    Info: Elapsed time: 00:00:15
    Info: Total CPU time (on all processors): 00:00:32


